<?xml version="1.0" encoding="UTF-8"?>
<!-- Generated by org.testng.reporters.JUnitXMLReporter -->
<testsuite hostname="DESKTOP-OPH57PF" ignored="0" name="Test1" tests="13" failures="0" timestamp="24 Sep 2021 03:39:19 GMT" time="40.484" errors="0">
  <testcase name="@BeforeTest beforeTest" time="34.559" classname="testcases.Loginpage">
    <failure type="org.openqa.selenium.WebDriverException" message="unknown error: net::ERR_NAME_NOT_RESOLVED
  (Session info: chrome=93.0.4577.82)
Build info: version: &amp;apos;3.141.59&amp;apos;, revision: &amp;apos;e82be7d358&amp;apos;, time: &amp;apos;2018-11-14T08:17:03&amp;apos;
System info: host: &amp;apos;DESKTOP-OPH57PF&amp;apos;, ip: &amp;apos;192.168.1.6&amp;apos;, os.name: &amp;apos;Windows 10&amp;apos;, os.arch: &amp;apos;amd64&amp;apos;, os.version: &amp;apos;10.0&amp;apos;, java.version: &amp;apos;1.8.0_291&amp;apos;
Driver info: org.openqa.selenium.chrome.ChromeDriver
Capabilities {acceptInsecureCerts: false, browserName: chrome, browserVersion: 93.0.4577.82, chrome: {chromedriverVersion: 92.0.4515.107 (87a818b10553..., userDataDir: C:\Users\user\AppData\Local...}, goog:chromeOptions: {debuggerAddress: localhost:54010}, javascriptEnabled: true, networkConnectionEnabled: false, pageLoadStrategy: normal, platform: WINDOWS, platformName: WINDOWS, proxy: Proxy(), setWindowRect: true, strictFileInteractability: false, timeouts: {implicit: 0, pageLoad: 300000, script: 30000}, unhandledPromptBehavior: dismiss and notify, webauthn:extension:credBlob: true, webauthn:extension:largeBlob: true, webauthn:virtualAuthenticators: true}
Session ID: 08e323c3af0df00936d642e380b24624">
      <![CDATA[org.openqa.selenium.WebDriverException: unknown error: net::ERR_NAME_NOT_RESOLVED
  (Session info: chrome=93.0.4577.82)
Build info: version: '3.141.59', revision: 'e82be7d358', time: '2018-11-14T08:17:03'
System info: host: 'DESKTOP-OPH57PF', ip: '192.168.1.6', os.name: 'Windows 10', os.arch: 'amd64', os.version: '10.0', java.version: '1.8.0_291'
Driver info: org.openqa.selenium.chrome.ChromeDriver
Capabilities {acceptInsecureCerts: false, browserName: chrome, browserVersion: 93.0.4577.82, chrome: {chromedriverVersion: 92.0.4515.107 (87a818b10553..., userDataDir: C:\Users\user\AppData\Local...}, goog:chromeOptions: {debuggerAddress: localhost:54010}, javascriptEnabled: true, networkConnectionEnabled: false, pageLoadStrategy: normal, platform: WINDOWS, platformName: WINDOWS, proxy: Proxy(), setWindowRect: true, strictFileInteractability: false, timeouts: {implicit: 0, pageLoad: 300000, script: 30000}, unhandledPromptBehavior: dismiss and notify, webauthn:extension:credBlob: true, webauthn:extension:largeBlob: true, webauthn:virtualAuthenticators: true}
Session ID: 08e323c3af0df00936d642e380b24624
at org.openqa.selenium.remote.http.W3CHttpResponseCodec.createException(W3CHttpResponseCodec.java:187)
at org.openqa.selenium.remote.http.W3CHttpResponseCodec.decode(W3CHttpResponseCodec.java:122)
at org.openqa.selenium.remote.http.W3CHttpResponseCodec.decode(W3CHttpResponseCodec.java:49)
at org.openqa.selenium.remote.HttpCommandExecutor.execute(HttpCommandExecutor.java:158)
at org.openqa.selenium.remote.service.DriverCommandExecutor.execute(DriverCommandExecutor.java:83)
at org.openqa.selenium.remote.RemoteWebDriver.execute(RemoteWebDriver.java:552)
at org.openqa.selenium.remote.RemoteWebDriver.get(RemoteWebDriver.java:277)
at utility.UtilityClass.launchBrowser(UtilityClass.java:44)
at testcases.Loginpage.beforeTest(Loginpage.java:190)
at java.util.concurrent.FutureTask.run(FutureTask.java:266)
at java.util.concurrent.ThreadPoolExecutor.runWorker(ThreadPoolExecutor.java:1149)
at java.util.concurrent.ThreadPoolExecutor$Worker.run(ThreadPoolExecutor.java:624)
at java.lang.Thread.run(Thread.java:748)
... Removed 19 stack frames]]>
    </failure>
  </testcase> <!-- @BeforeTest beforeTest -->
  <testcase name="@AfterMethod takeScreenShotOnFailure" time="0.0" classname="testcases.Loginpage">
    <skipped/>
  </testcase> <!-- @AfterMethod takeScreenShotOnFailure -->
  <testcase name="@AfterMethod takeScreenShotOnFailure" time="0.0" classname="testcases.Loginpage">
    <skipped/>
  </testcase> <!-- @AfterMethod takeScreenShotOnFailure -->
  <testcase name="@AfterMethod takeScreenShotOnFailure" time="0.0" classname="testcases.Loginpage">
    <skipped/>
  </testcase> <!-- @AfterMethod takeScreenShotOnFailure -->
  <testcase name="@AfterMethod takeScreenShotOnFailure" time="0.0" classname="testcases.Loginpage">
    <skipped/>
  </testcase> <!-- @AfterMethod takeScreenShotOnFailure -->
  <testcase name="@AfterMethod takeScreenShotOnFailure" time="0.0" classname="testcases.Loginpage">
    <skipped/>
  </testcase> <!-- @AfterMethod takeScreenShotOnFailure -->
  <testcase name="@AfterMethod takeScreenShotOnFailure" time="0.0" classname="testcases.Loginpage">
    <skipped/>
  </testcase> <!-- @AfterMethod takeScreenShotOnFailure -->
  <testcase name="@AfterMethod takeScreenShotOnFailure" time="0.0" classname="testcases.Loginpage">
    <skipped/>
  </testcase> <!-- @AfterMethod takeScreenShotOnFailure -->
  <testcase name="@AfterMethod takeScreenShotOnFailure" time="0.0" classname="testcases.Loginpage">
    <skipped/>
  </testcase> <!-- @AfterMethod takeScreenShotOnFailure -->
  <testcase name="@AfterMethod takeScreenShotOnFailure" time="0.0" classname="testcases.Loginpage">
    <skipped/>
  </testcase> <!-- @AfterMethod takeScreenShotOnFailure -->
  <testcase name="@AfterMethod takeScreenShotOnFailure" time="0.0" classname="testcases.Loginpage">
    <skipped/>
  </testcase> <!-- @AfterMethod takeScreenShotOnFailure -->
  <testcase name="@AfterMethod takeScreenShotOnFailure" time="0.0" classname="testcases.Loginpage">
    <skipped/>
  </testcase> <!-- @AfterMethod takeScreenShotOnFailure -->
  <testcase name="@AfterMethod takeScreenShotOnFailure" time="0.0" classname="testcases.Loginpage">
    <skipped/>
  </testcase> <!-- @AfterMethod takeScreenShotOnFailure -->
  <testcase name="@AfterMethod takeScreenShotOnFailure" time="0.0" classname="testcases.Loginpage">
    <skipped/>
  </testcase> <!-- @AfterMethod takeScreenShotOnFailure -->
  <testcase name="@AfterTest afterTest" time="0.0" classname="testcases.Loginpage">
    <skipped/>
  </testcase> <!-- @AfterTest afterTest -->
  <testcase name="urlVerification" time="0.0" classname="testcases.Loginpage">
    <skipped/>
  </testcase> <!-- urlVerification -->
  <testcase name="displayUsernamePassword" time="0.0" classname="testcases.Loginpage">
    <skipped/>
  </testcase> <!-- displayUsernamePassword -->
  <testcase name="loginVerificationcorrectvalues" time="0.0" classname="testcases.Loginpage">
    <skipped/>
  </testcase> <!-- loginVerificationcorrectvalues -->
  <testcase name="loginVerificationInvalidUsername" time="0.0" classname="testcases.Loginpage">
    <skipped/>
  </testcase> <!-- loginVerificationInvalidUsername -->
  <testcase name="loginVerificationInvalidPassword" time="0.0" classname="testcases.Loginpage">
    <skipped/>
  </testcase> <!-- loginVerificationInvalidPassword -->
  <testcase name="loginVerificationInvalidUserPassword" time="0.0" classname="testcases.Loginpage">
    <skipped/>
  </testcase> <!-- loginVerificationInvalidUserPassword -->
  <testcase name="loginVerificationwithblankfields" time="0.0" classname="testcases.Loginpage">
    <skipped/>
  </testcase> <!-- loginVerificationwithblankfields -->
  <testcase name="forgotPasswordVerification" time="0.0" classname="testcases.Loginpage">
    <skipped/>
  </testcase> <!-- forgotPasswordVerification -->
  <testcase name="rememberedPasswordVerification" time="0.0" classname="testcases.Loginpage">
    <skipped/>
  </testcase> <!-- rememberedPasswordVerification -->
  <testcase name="getyourAccountVerification" time="0.0" classname="testcases.Loginpage">
    <skipped/>
  </testcase> <!-- getyourAccountVerification -->
  <testcase name="signinRegisterVerification" time="0.0" classname="testcases.Loginpage">
    <skipped/>
  </testcase> <!-- signinRegisterVerification -->
  <testcase name="loginVerificationrememberme" time="0.0" classname="testcases.Loginpage">
    <skipped/>
  </testcase> <!-- loginVerificationrememberme -->
  <testcase name="logoutVerification" time="0.0" classname="testcases.Loginpage">
    <skipped/>
  </testcase> <!-- logoutVerification -->
</testsuite> <!-- Test1 -->
