<?xml version="1.0" encoding="UTF-8"?>
<!-- Generated by org.testng.reporters.JUnitReportReporter -->
<testsuite skipped="13" hostname="DESKTOP-OPH57PF" name="testcases.Loginpage" tests="14" failures="0" timestamp="24 Sep 2021 03:39:22 GMT" time="34.559" errors="1">
  <testcase name="beforeTest" time="34.559" classname="testcases.Loginpage">
    <error type="org.openqa.selenium.WebDriverException" message="unknown error: net::ERR_NAME_NOT_RESOLVED
  (Session info: chrome=93.0.4577.82)
Build info: version: &#039;3.141.59&#039;, revision: &#039;e82be7d358&#039;, time: &#039;2018-11-14T08:17:03&#039;
System info: host: &#039;DESKTOP-OPH57PF&#039;, ip: &#039;192.168.1.6&#039;, os.name: &#039;Windows 10&#039;, os.arch: &#039;amd64&#039;, os.version: &#039;10.0&#039;, java.version: &#039;1.8.0_291&#039;
Driver info: org.openqa.selenium.chrome.ChromeDriver
Capabilities {acceptInsecureCerts: false, browserName: chrome, browserVersion: 93.0.4577.82, chrome: {chromedriverVersion: 92.0.4515.107 (87a818b10553..., userDataDir: C:\Users\user\AppData\Local...}, goog:chromeOptions: {debuggerAddress: localhost:54010}, javascriptEnabled: true, networkConnectionEnabled: false, pageLoadStrategy: normal, platform: WINDOWS, platformName: WINDOWS, proxy: Proxy(), setWindowRect: true, strictFileInteractability: false, timeouts: {implicit: 0, pageLoad: 300000, script: 30000}, unhandledPromptBehavior: dismiss and notify, webauthn:extension:credBlob: true, webauthn:extension:largeBlob: true, webauthn:virtualAuthenticators: true}
Session ID: 08e323c3af0df00936d642e380b24624">
      <![CDATA[org.openqa.selenium.WebDriverException: unknown error: net::ERR_NAME_NOT_RESOLVED
  (Session info: chrome=93.0.4577.82)
Build info: version: '3.141.59', revision: 'e82be7d358', time: '2018-11-14T08:17:03'
System info: host: 'DESKTOP-OPH57PF', ip: '192.168.1.6', os.name: 'Windows 10', os.arch: 'amd64', os.version: '10.0', java.version: '1.8.0_291'
Driver info: org.openqa.selenium.chrome.ChromeDriver
Capabilities {acceptInsecureCerts: false, browserName: chrome, browserVersion: 93.0.4577.82, chrome: {chromedriverVersion: 92.0.4515.107 (87a818b10553..., userDataDir: C:\Users\user\AppData\Local...}, goog:chromeOptions: {debuggerAddress: localhost:54010}, javascriptEnabled: true, networkConnectionEnabled: false, pageLoadStrategy: normal, platform: WINDOWS, platformName: WINDOWS, proxy: Proxy(), setWindowRect: true, strictFileInteractability: false, timeouts: {implicit: 0, pageLoad: 300000, script: 30000}, unhandledPromptBehavior: dismiss and notify, webauthn:extension:credBlob: true, webauthn:extension:largeBlob: true, webauthn:virtualAuthenticators: true}
Session ID: 08e323c3af0df00936d642e380b24624
at sun.reflect.NativeConstructorAccessorImpl.newInstance0(Native Method)
at sun.reflect.NativeConstructorAccessorImpl.newInstance(NativeConstructorAccessorImpl.java:62)
at sun.reflect.DelegatingConstructorAccessorImpl.newInstance(DelegatingConstructorAccessorImpl.java:45)
at java.lang.reflect.Constructor.newInstance(Constructor.java:423)
at org.openqa.selenium.remote.http.W3CHttpResponseCodec.createException(W3CHttpResponseCodec.java:187)
at org.openqa.selenium.remote.http.W3CHttpResponseCodec.decode(W3CHttpResponseCodec.java:122)
at org.openqa.selenium.remote.http.W3CHttpResponseCodec.decode(W3CHttpResponseCodec.java:49)
at org.openqa.selenium.remote.HttpCommandExecutor.execute(HttpCommandExecutor.java:158)
at org.openqa.selenium.remote.service.DriverCommandExecutor.execute(DriverCommandExecutor.java:83)
at org.openqa.selenium.remote.RemoteWebDriver.execute(RemoteWebDriver.java:552)
at org.openqa.selenium.remote.RemoteWebDriver.get(RemoteWebDriver.java:277)
at utility.UtilityClass.launchBrowser(UtilityClass.java:44)
at testcases.Loginpage.beforeTest(Loginpage.java:190)
at sun.reflect.NativeMethodAccessorImpl.invoke0(Native Method)
at sun.reflect.NativeMethodAccessorImpl.invoke(NativeMethodAccessorImpl.java:62)
at sun.reflect.DelegatingMethodAccessorImpl.invoke(DelegatingMethodAccessorImpl.java:43)
at java.lang.reflect.Method.invoke(Method.java:498)
at org.testng.internal.MethodInvocationHelper.invokeMethod(MethodInvocationHelper.java:124)
at org.testng.internal.MethodInvocationHelper.invokeMethodConsideringTimeout(MethodInvocationHelper.java:59)
at org.testng.internal.Invoker.invokeConfigurationMethod(Invoker.java:458)
at org.testng.internal.Invoker.invokeConfigurations(Invoker.java:222)
at org.testng.internal.Invoker.invokeConfigurations(Invoker.java:142)
at org.testng.TestRunner.beforeRun(TestRunner.java:529)
at org.testng.TestRunner.run(TestRunner.java:497)
at org.testng.SuiteRunner.runTest(SuiteRunner.java:455)
at org.testng.SuiteRunner.access$000(SuiteRunner.java:40)
at org.testng.SuiteRunner$SuiteWorker.run(SuiteRunner.java:489)
at org.testng.internal.thread.ThreadUtil$1.call(ThreadUtil.java:52)
at java.util.concurrent.FutureTask.run(FutureTask.java:266)
at java.util.concurrent.ThreadPoolExecutor.runWorker(ThreadPoolExecutor.java:1149)
at java.util.concurrent.ThreadPoolExecutor$Worker.run(ThreadPoolExecutor.java:624)
at java.lang.Thread.run(Thread.java:748)
]]>
    </error>
  </testcase> <!-- beforeTest -->
  <testcase name="urlVerification" time="0.000" classname="testcases.Loginpage">
    <skipped/>
  </testcase> <!-- urlVerification -->
  <testcase name="displayUsernamePassword" time="0.000" classname="testcases.Loginpage">
    <skipped/>
  </testcase> <!-- displayUsernamePassword -->
  <testcase name="loginVerificationcorrectvalues" time="0.000" classname="testcases.Loginpage">
    <skipped/>
  </testcase> <!-- loginVerificationcorrectvalues -->
  <testcase name="loginVerificationInvalidUsername" time="0.000" classname="testcases.Loginpage">
    <skipped/>
  </testcase> <!-- loginVerificationInvalidUsername -->
  <testcase name="loginVerificationInvalidPassword" time="0.000" classname="testcases.Loginpage">
    <skipped/>
  </testcase> <!-- loginVerificationInvalidPassword -->
  <testcase name="loginVerificationInvalidUserPassword" time="0.000" classname="testcases.Loginpage">
    <skipped/>
  </testcase> <!-- loginVerificationInvalidUserPassword -->
  <testcase name="loginVerificationwithblankfields" time="0.000" classname="testcases.Loginpage">
    <skipped/>
  </testcase> <!-- loginVerificationwithblankfields -->
  <testcase name="forgotPasswordVerification" time="0.000" classname="testcases.Loginpage">
    <skipped/>
  </testcase> <!-- forgotPasswordVerification -->
  <testcase name="rememberedPasswordVerification" time="0.000" classname="testcases.Loginpage">
    <skipped/>
  </testcase> <!-- rememberedPasswordVerification -->
  <testcase name="getyourAccountVerification" time="0.000" classname="testcases.Loginpage">
    <skipped/>
  </testcase> <!-- getyourAccountVerification -->
  <testcase name="signinRegisterVerification" time="0.000" classname="testcases.Loginpage">
    <skipped/>
  </testcase> <!-- signinRegisterVerification -->
  <testcase name="loginVerificationrememberme" time="0.000" classname="testcases.Loginpage">
    <skipped/>
  </testcase> <!-- loginVerificationrememberme -->
  <testcase name="logoutVerification" time="0.000" classname="testcases.Loginpage">
    <skipped/>
  </testcase> <!-- logoutVerification -->
</testsuite> <!-- testcases.Loginpage -->
